<?xml version="1.0" encoding="UTF-8"?>
<!-- Generated by org.testng.reporters.JUnitReportReporter -->
<testsuite hostname="DESKTOP-TNVPDVL" failures="0" tests="1" name="SearchEmployee" time="28.667" errors="0" timestamp="2023-03-13T14:59:07 IST" skipped="0">
  <testcase classname="SearchEmployee" name="Search_Employee" time="28.667"/>
</testsuite> <!-- SearchEmployee -->
