<?xml version="1.0" encoding="UTF-8"?>
<!-- Generated by org.testng.reporters.JUnitReportReporter -->
<testsuite hostname="DESKTOP-TNVPDVL" failures="0" tests="1" name="com.orange.test.Admin" time="0.000" errors="0" timestamp="2023-03-29T10:23:57 IST" skipped="1">
  <testcase classname="com.orange.test.Admin" name="provideAdminRights" time="0.000">
    <skipped/>
  </testcase> <!-- provideAdminRights -->
</testsuite> <!-- com.orange.test.Admin -->
