<?xml version="1.0" encoding="UTF-8"?>
<!-- Generated by org.testng.reporters.JUnitReportReporter -->
<testsuite hostname="DESKTOP-TNVPDVL" failures="0" tests="3" name="PIM" time="31.573" errors="0" timestamp="2023-03-17T12:35:50 IST" skipped="0">
  <testcase classname="PIM" name="tc1_CreateEmployee" time="9.536"/>
  <testcase classname="PIM" name="tc1_CreateEmployee" time="10.312"/>
  <testcase classname="PIM" name="tc1_CreateEmployee" time="11.725"/>
</testsuite> <!-- PIM -->
