<?xml version="1.0" encoding="UTF-8"?>
<!-- Generated by org.testng.reporters.JUnitReportReporter -->
<testsuite hostname="DESKTOP-TNVPDVL" failures="0" tests="1" name="Admin" time="16.951" errors="0" timestamp="2023-03-14T08:18:53 IST" skipped="0">
  <testcase classname="Admin" name="AdminRights" time="16.951"/>
</testsuite> <!-- Admin -->
